{
  "WorkItem": {
    "AffectedComponent": {
      "Name": "",
      "DisplayName": ""
    },
    "ClosedComment": "I just tried to compile with the latest bits from the Release-0.9.0 branch (which we are currently stabilizing) and see the below.  So it appears there is a type bug.  However, type bugs don't stop the compilation, and I can see the generated jriapp.js was generated fine.\n\nCan you pull/build from the Release-0.9.0 branch and try there?  Looks like we already fixed this.  Thanks.\n\nC:\\temp\\jriappTS>tsc --out jriapp.js --target ES5 jriappTS\\jriapp.ts\nC:/temp/jriappTS/jriappTS/modules/db.ts(1285,29): error TS2134: Subsequent variable declarations must have the same type.  Variable 'created_items' must be of type 'any[]', but her\ne has type 'RIAPP.MOD.db.Entity[]'\n",
    "ClosedDate": "2013-05-30T16:08:28.587-07:00",
    "CommentCount": 6,
    "Custom": null,
    "Description": "Unable to compile the project in VS2012\r\ncompiler ends with error:\r\nError\t1\tUnable to get value of the property 'isError': object is null or undefined\tC:\\DATA\\PROJECTS\\jriappTS\\jriappTS\\EXEC\r\n\r\nthis is only when i compile the project with file user_modules2\\mail.ts\r\nthis file is extension to my project https://github.com/BBGONE/jRIAppTS\r\nwhich i published on GitHub. Without it the project can be compiled.\r\nMaybe it has russian text in it?\r\nAlso project behaves strange on compilation, it time to time shows errors\r\nget and set properties must be of the same type. What strange, they point at the locations where there are no get and set properties  at all.\r\nBut, after reopening the project the errors dissappear. \r\n\r\nP.S.-\r\nI found the problem - it is double edged - it is mine and the compiler's.\r\nIn the mail.ts file, there is the code: \r\n```\r\nget emailsVM() { return this.emailsVM; }\r\n```\r\nIt is recursive property getter. Compiler skips this on design time, but failes to compile the code\r\nand does not show any meaningfull error description.\r\n\r\nPlease, fix this compiler's behavior. Better it should check this at design time. Or at least , it can compile\r\nthis without error as in 0.8.3.1 version.",
    "LastUpdatedDate": "2013-05-30T16:08:28.587-07:00",
    "PlannedForRelease": "",
    "ReleaseVisibleToPublic": false,
    "Priority": {
      "Name": "Unassigned",
      "Severity": 0,
      "Id": 0
    },
    "ProjectName": "typescript",
    "ReportedDate": "2013-05-22T11:00:40.803-07:00",
    "Status": {
      "Name": "Closed",
      "Id": 4
    },
    "ReasonClosed": {
      "Name": "Fixed"
    },
    "Summary": "recursive property definition results in meaningless error: Unable to get value of the property 'isError': object is null or undefined\t",
    "Type": {
      "Name": "Unassigned",
      "Id": 5
    },
    "VoteCount": 1,
    "Id": 1061
  },
  "FileAttachments": [
    {
      "FileId": 682975,
      "FileName": "jriappTS.zip",
      "DownloadUrl": ".\\682975"
    },
    {
      "FileId": 683156,
      "FileName": "jriappTS_new.zip",
      "DownloadUrl": ".\\683156"
    }
  ],
  "Comments": [
    {
      "Message": "Forgot to mention - i tryed to compile with typescript 0.9 alpha version",
      "PostedDate": "2013-05-22T11:02:24.807-07:00",
      "Id": 100881
    },
    {
      "Message": "Thanks for reporting.\n\nIt does look like the encoding is the problem.  When I open that file, I don't see Russian text, I just see a string of random latin characters.  Based on that, it would appear you saved the file with your local codepage.  If you re-save the files with any non-ASCII characters as UTF-8 does the problem still occur?\n\nIf so, please reopen.\n\nThanks.",
      "PostedDate": "2013-05-22T12:37:38.797-07:00",
      "Id": 100896
    },
    {
      "Message": "\n\r\n\r** Closed by billti 05/22/2013 12:37PM",
      "PostedDate": "2013-05-22T12:37:45.83-07:00",
      "Id": 100953
    },
    {
      "Message": "I changed encoding to UTF8. It fixed only display of the symbols.\r\nBut the error is the same - it says about nonexistent file 'EXEC' and nonexistent property 'isError'\r\nSeems it is something internal to the compiler.\r\nI added new attachment jriappTS_new.zip with the project.\r\nPlease try to compile it using typescript 0.9 alpha version.\r\nWith previous version it works - ok.\r\n\r\n",
      "PostedDate": "2013-05-23T00:20:37.587-07:00",
      "Id": 100954
    },
    {
      "Message": "AND ALSO ADDED THIS IS OUTPUT OF THE COMPILER:\n\n1>EXEC : tsc.js(42251, 25) Microsoft JScript runtime error : Unable to get value of the property 'isError': object is null or undefined\n1>C:\\Program Files (x86)\\MSBuild\\Microsoft\\VisualStudio\\v11.0\\TypeScript\\Microsoft.TypeScript.targets(48,5): error MSB3073: The command \"\"C:\\Program Files (x86)\\Microsoft SDKs\\TypeScript\\tsc.exe\"  --comments --module AMD --sourcemap --target ES5 \"C:\\DATA\\TEMP\\TEST\\jriappTS\\jriappTS\\jriapp_en.ts\" \"C:\\DATA\\TEMP\\TEST\\jriappTS\\jriappTS\\modules\\converter.ts\" \"C:\\DATA\\TEMP\\TEST\\jriappTS\\jriappTS\\modules\\binding.ts\" \"C:\\DATA\\TEMP\\TEST\\jriappTS\\jriappTS\\modules\\parser.ts\" \"C:\\DATA\\TEMP\\TEST\\jriappTS\\jriappTS\\modules\\baseElView.ts\" \"C:\\DATA\\TEMP\\TEST\\jriappTS\\jriappTS\\modules\\template.ts\" \"C:\\DATA\\TEMP\\TEST\\jriappTS\\jriappTS\\modules\\mvvm.ts\" \"C:\\DATA\\TEMP\\TEST\\jriappTS\\jriappTS\\modules\\baseContent.ts\" \"C:\\DATA\\TEMP\\TEST\\jriappTS\\jriappTS\\modules\\collection.ts\" \"C:\\DATA\\TEMP\\TEST\\jriappTS\\jriappTS\\modules\\db.ts\" \"C:\\DATA\\TEMP\\TEST\\jriappTS\\jriappTS\\modules\\datadialog.ts\" \"C:\\DATA\\TEMP\\TEST\\jriappTS\\jriappTS\\modules\\datagrid.ts\" \"C:\\DATA\\TEMP\\TEST\\jriappTS\\jriappTS\\modules\\pager.ts\" \"C:\\DATA\\TEMP\\TEST\\jriappTS\\jriappTS\\modules\\stackpanel.ts\" \"C:\\DATA\\TEMP\\TEST\\jriappTS\\jriappTS\\modules\\listbox.ts\" \"C:\\DATA\\TEMP\\TEST\\jriappTS\\jriappTS\\modules\\dataform.ts\" \"C:\\DATA\\TEMP\\TEST\\jriappTS\\jriappTS\\baseobj.ts\" \"C:\\DATA\\TEMP\\TEST\\jriappTS\\jriappTS\\globalobj.ts\" \"C:\\DATA\\TEMP\\TEST\\jriappTS\\jriappTS\\jriapp.ts\" \"C:\\DATA\\TEMP\\TEST\\jriappTS\\jriappTS\\modules\\utils.ts\" \"C:\\DATA\\TEMP\\TEST\\jriappTS\\jriappTS\\modules\\consts.ts\" \"C:\\DATA\\TEMP\\TEST\\jriappTS\\jriappTS\\modules\\defaults.ts\" \"C:\\DATA\\TEMP\\TEST\\jriappTS\\jriappTS\\modules\\errors.ts\" \"C:\\DATA\\TEMP\\TEST\\jriappTS\\jriappTS\\user_modules2\\mail.ts\" \"C:\\DATA\\TEMP\\TEST\\jriappTS\\jriappTS\\user_modules\\gridDemo.ts\" \"C:\\DATA\\TEMP\\TEST\\jriappTS\\jriappTS\\user_modules\\common.ts\" \"C:\\DATA\\TEMP\\TEST\\jriappTS\\jriappTS\\user_modules\\header.ts\" \"C:\\DATA\\TEMP\\TEST\\jriappTS\\jriappTS\\user_modules\\autocomplete.ts\" \"C:\\DATA\\TEMP\\TEST\\jriappTS\\jriappTS\\user_modules\\demoDB.ts\" \"C:\\DATA\\TEMP\\TEST\\jriappTS\\jriappTS\\user_modules\\masterDetDemo.ts\" \"C:\\DATA\\TEMP\\TEST\\jriappTS\\jriappTS\\user_modules\\manToManDemo.ts\" \"C:\\DATA\\TEMP\\TEST\\jriappTS\\jriappTS\\user_modules\\spaDemo.ts\" \"C:\\DATA\\TEMP\\TEST\\jriappTS\\jriappTS\\user_modules\\bindingsDemo.ts\" \"C:\\DATA\\TEMP\\TEST\\jriappTS\\jriappTS\\user_modules\\filesDemo.ts\" \"C:\\DATA\\TEMP\\TEST\\jriappTS\\jriappTS\\user_modules\\folderBrowserSvc.ts\" \"C:\\DATA\\TEMP\\TEST\\jriappTS\\jriappTS\\user_modules\\collectionDemo.ts\" \"C:\\DATA\\TEMP\\TEST\\jriappTS\\jriappTS\\user_modules2\\mailDB.ts\"\" exited with code 1.\n========== Rebuild All: 0 succeeded, 1 failed, 0 skipped ==========\n",
      "PostedDate": "2013-05-23T00:26:39.727-07:00",
      "Id": 100955
    },
    {
      "Message": "I found the problem - it is double edged - it is mine and the compiler's.\nIn mail.ts file, there is code   get emailsVM() { return this.emailsVM; }\n__It is recursive property getter.__ Compiler skips this on design, but failes to compile the code\nand does not show any meaningfull error description.\n\nPlease, fix this compiler's behavior. Better it should check this at design time. Or at least , it can compile\nthis without error as in 0.8.3.1 version.\n",
      "PostedDate": "2013-05-23T03:56:36.923-07:00",
      "Id": 100967
    }
  ]
}